45886
45393
50816
54522
43546
48574
49252
47286
44414
39609
51005
45851
47724
48965
46445
45929
44733
38847
44109
42126
48771
46758
52990
50831
42101
41436
41834
45653
45537
42044
40696
47997
46043
46314
46777
42661
46059
42159
44498
42502
43755
43907
38977
39851
37781
44517
37424
36931
37656
37606
36085
34252
32009
31644
34283
36673
32991
29592
26970
31038
23421
27261
25121
29694
23013
28738
25304
22347
17209
20576
20276
22199
19117
19587
17163
20797
17852
16428
15762
15670
16196
15853
15088
14131
16782
15331
14125
13177
13272
13104
12432
13563
13908
13135
12639
11892
11867
12316
11791
11950
11766
11832
11597
11461
10907
11056
11663
10910
11455
12436
10969
10736
10925
10988
10988
10988
11045
10904
10962
12612
10884
10891
10905
10843
10830
10876
10885
10795
10856
10830
10795
10830
10782
10782
10782
10748
10709
10883
10695
10717
10730
10700
10987
10915
10830
10825
10830
10825
10825
10830
10825
10825
10825
10825
10825
10825
10670
10670
10659
10659
10694
10659
11957
10659
10659
10659
10659
10659
10659
10659
10659
10659
10659
10659
10659
10659
10659
10659
10659
10659
10659
10659
10659
10659
10659
10659
10659
10659
10659
10654
10654
10654
10654
10654
10654
10654
10654
10654
10654
10654
10654
10654
10654
10654
10654
10654
10654
10654
10654
10654
10654
10654
10654
10654
10654
10654
10654
10654
10654
10654
10654
10654
10654
10654
10654
10654
10654
10654
10654
10654
10654
10654
10654
10654
10654
10654
10654
10654
10654
10654
10654
10654
10654
10654
10654
10654
10654
10654
10654
10654
10654
10654
10654
10654
10654
10654
10654
10654
10654
10654
10654
10654
10654
10654
10654
10654
10654
10654
10654
10654
